<?xml version="1.0" encoding="UTF-8"?>
<!-- Generated by org.testng.reporters.JUnitReportReporter -->
<testsuite hostname="DESKTOP-UKO3FCK" name="demo.Internationaliztion" tests="1" failures="0" timestamp="18 Nov 2016 00:05:55 GMT" time="0.984" errors="0">
  <testcase name="testApplication" time="0.984" classname="demo.Internationaliztion"/>
</testsuite> <!-- demo.Internationaliztion -->
