<?xml version="1.0" encoding="UTF-8"?>
<!-- Generated by org.testng.reporters.JUnitReportReporter -->
<testsuite hostname="DESKTOP-UKO3FCK" name="demo.CBT" tests="2" failures="0" timestamp="18 Nov 2016 02:00:30 GMT" time="1.871" errors="0">
  <testcase name="titleVerification" time="1.841" classname="demo.CBT"/>
  <testcase name="titleVerification" time="0.030" classname="demo.CBT"/>
</testsuite> <!-- demo.CBT -->
